Using pre-set license
Built from '2023.1/staging' branch; Version is '2023.1.8f1 (ab88ac34d80c) revision 11241644'; Using compiler version '192829333'; Build Type 'Release'
OS: 'Windows 11  (10.0.22621) 64bit Professional' Language: 'pt' Physical Memory: 7596 MB
BatchMode: 1, IsHumanControllingUs: 0, StartBugReporterOnCrash: 0, Is64bit: 1, IsPro: 1

COMMAND LINE ARGUMENTS:
C:\Program Files\Unity\Hub\Editor\2021.3.29f1\2023.1.8f1\Editor\Unity.exe
-adb2
-batchMode
-noUpm
-name
AssetImportWorker2
-projectPath
C:/Users/mishe/Saved Games/Tesouro das Condições
-logFile
Logs/AssetImportWorker2.log
-srvPort
55614
Successfully changed project path to: C:/Users/mishe/Saved Games/Tesouro das Condições
C:/Users/mishe/Saved Games/Tesouro das Condições
[UnityMemory] Configuration Parameters - Can be set up in boot.config
    "memorysetup-bucket-allocator-granularity=16"
    "memorysetup-bucket-allocator-bucket-count=8"
    "memorysetup-bucket-allocator-block-size=33554432"
    "memorysetup-bucket-allocator-block-count=8"
    "memorysetup-main-allocator-block-size=16777216"
    "memorysetup-thread-allocator-block-size=16777216"
    "memorysetup-gfx-main-allocator-block-size=16777216"
    "memorysetup-gfx-thread-allocator-block-size=16777216"
    "memorysetup-cache-allocator-block-size=4194304"
    "memorysetup-typetree-allocator-block-size=2097152"
    "memorysetup-profiler-bucket-allocator-granularity=16"
    "memorysetup-profiler-bucket-allocator-bucket-count=8"
    "memorysetup-profiler-bucket-allocator-block-size=33554432"
    "memorysetup-profiler-bucket-allocator-block-count=8"
    "memorysetup-profiler-allocator-block-size=16777216"
    "memorysetup-profiler-editor-allocator-block-size=1048576"
    "memorysetup-temp-allocator-size-main=16777216"
    "memorysetup-job-temp-allocator-block-size=2097152"
    "memorysetup-job-temp-allocator-block-size-background=1048576"
    "memorysetup-job-temp-allocator-reduction-small-platforms=262144"
    "memorysetup-allocator-temp-initial-block-size-main=262144"
    "memorysetup-allocator-temp-initial-block-size-worker=262144"
    "memorysetup-temp-allocator-size-background-worker=32768"
    "memorysetup-temp-allocator-size-job-worker=262144"
    "memorysetup-temp-allocator-size-preload-manager=33554432"
    "memorysetup-temp-allocator-size-nav-mesh-worker=65536"
    "memorysetup-temp-allocator-size-audio-worker=65536"
    "memorysetup-temp-allocator-size-cloud-worker=32768"
    "memorysetup-temp-allocator-size-gi-baking-worker=262144"
    "memorysetup-temp-allocator-size-gfx=262144"
Player connection [1660] Host "[IP] 192.168.0.102 [Port] 0 [Flags] 2 [Guid] 1010967192 [EditorId] 1010967192 [Version] 1048832 [Id] WindowsEditor(7,MicheleGomes) [Debug] 1 [PackageName] WindowsEditor [ProjectName] Editor" joined multi-casting on [225.0.0.222:54997]...

Player connection [1660] Host "[IP] 192.168.0.102 [Port] 0 [Flags] 2 [Guid] 1010967192 [EditorId] 1010967192 [Version] 1048832 [Id] WindowsEditor(7,MicheleGomes) [Debug] 1 [PackageName] WindowsEditor [ProjectName] Editor" joined alternative multi-casting on [225.0.0.222:34997]...

Library Redirect Path: Library/Refreshing native plugins compatible for Editor in 87.10 ms, found 4 plugins.
Preloading 0 native plugins for Editor in 0.00 ms.
Initialize engine version: 2023.1.8f1 (ab88ac34d80c)
[Subsystems] Discovering subsystems at path C:/Program Files/Unity/Hub/Editor/2021.3.29f1/2023.1.8f1/Editor/Data/Resources/UnitySubsystems
[Subsystems] Discovering subsystems at path C:/Users/mishe/Saved Games/Tesouro das Condições/Assets
GfxDevice: creating device client; threaded=0; jobified=0
Direct3D:
    Version:  Direct3D 11.0 [level 11.1]
    Renderer: AMD Radeon(TM) Graphics (ID=0x1636)
    Vendor:   ATI
    VRAM:     3798 MB
    Driver:   31.0.21029.1006
Initialize mono
Mono path[0] = 'C:/Program Files/Unity/Hub/Editor/2021.3.29f1/2023.1.8f1/Editor/Data/Managed'
Mono path[1] = 'C:/Program Files/Unity/Hub/Editor/2021.3.29f1/2023.1.8f1/Editor/Data/MonoBleedingEdge/lib/mono/unityjit-win32'
Mono config path = 'C:/Program Files/Unity/Hub/Editor/2021.3.29f1/2023.1.8f1/Editor/Data/MonoBleedingEdge/etc'
Using monoOptions --debugger-agent=transport=dt_socket,embedding=1,server=y,suspend=n,address=127.0.0.1:56616
Begin MonoManager ReloadAssembly
C:\build\output\Unity-Technologies\mono\mono\metadata\icall.c:1842:
C:\build\output\Unity-Technologies\mono\mono\metadata\icall.c:1842:
C:\build\output\Unity-Technologies\mono\mono\metadata\icall.c:1842:
C:\build\output\Unity-Technologies\mono\mono\metadata\icall.c:1842:
C:\build\output\Unity-Technologies\mono\mono\metadata\icall.c:1842:
C:\build\output\Unity-Technologies\mono\mono\metadata\icall.c:1842:
C:\build\output\Unity-Technologies\mono\mono\metadata\icall.c:1842:
C:\build\output\Unity-Technologies\mono\mono\metadata\icall.c:1842:
C:\build\output\Unity-Technologies\mono\mono\metadata\icall.c:1842:
C:\build\output\Unity-Technologies\mono\mono\metadata\icall.c:1842:
Registering precompiled unity dll's ...
Register platform support module: C:/Program Files/Unity/Hub/Editor/2021.3.29f1/2023.1.8f1/Editor/Data/PlaybackEngines/WebGLSupport/UnityEditor.WebGL.Extensions.dll
Register platform support module: C:/Program Files/Unity/Hub/Editor/2021.3.29f1/2023.1.8f1/Editor/Data/PlaybackEngines/WindowsStandaloneSupport/UnityEditor.WindowsStandalone.Extensions.dll
Registered in 0.013496 seconds.
- Loaded All Assemblies, in  1.004 seconds
Native extension for WindowsStandalone target not found
Native extension for WebGL target not found
Mono: successfully reloaded assembly
C:\build\output\Unity-Technologies\mono\mono\metadata\icall.c:1842:
C:\build\output\Unity-Technologies\mono\mono\metadata\icall.c:1842:
- Finished resetting the current domain, in  0.589 seconds
Domain Reload Profiling: 1613ms
	BeginReloadAssembly (537ms)
		ExecutionOrderSort (0ms)
		DisableScriptedObjects (0ms)
		BackupInstance (0ms)
		ReleaseScriptingObjects (0ms)
		CreateAndSetChildDomain (6ms)
	RebuildCommonClasses (60ms)
	RebuildNativeTypeToScriptingClass (16ms)
	initialDomainReloadingComplete (107ms)
	LoadAllAssembliesAndSetupDomain (279ms)
		LoadAssemblies (522ms)
		RebuildTransferFunctionScriptingTraits (0ms)
		AnalyzeDomain (270ms)
			TypeCache.Refresh (268ms)
				TypeCache.ScanAssembly (242ms)
			ScanForSourceGeneratedMonoScriptInfo (1ms)
			ResolveRequiredComponents (1ms)
	FinalizeReload (614ms)
		ReleaseScriptCaches (0ms)
		RebuildScriptCaches (0ms)
		SetupLoadedEditorAssemblies (511ms)
			LogAssemblyErrors (0ms)
			InitializePlatformSupportModulesInManaged (17ms)
			SetLoadedEditorAssemblies (8ms)
			BeforeProcessingInitializeOnLoad (15ms)
			ProcessInitializeOnLoadAttributes (373ms)
			ProcessInitializeOnLoadMethodAttributes (96ms)
			AfterProcessingInitializeOnLoad (0ms)
			EditorAssembliesLoaded (1ms)
		ExecutionOrderSort2 (0ms)
		AwakeInstancesAfterBackupRestoration (0ms)
========================================================================
Worker process is ready to serve import requests
Import Worker Mode flag is 0x00
Begin MonoManager ReloadAssembly
C:\build\output\Unity-Technologies\mono\mono\metadata\icall.c:1842:
C:\build\output\Unity-Technologies\mono\mono\metadata\icall.c:1842:
C:\build\output\Unity-Technologies\mono\mono\metadata\icall.c:1842:
C:\build\output\Unity-Technologies\mono\mono\metadata\icall.c:1842:
C:\build\output\Unity-Technologies\mono\mono\metadata\icall.c:1842:
C:\build\output\Unity-Technologies\mono\mono\metadata\icall.c:1842:
C:\build\output\Unity-Technologies\mono\mono\metadata\icall.c:1842:
C:\build\output\Unity-Technologies\mono\mono\metadata\icall.c:1842:
C:\build\output\Unity-Technologies\mono\mono\metadata\icall.c:1842:
C:\build\output\Unity-Technologies\mono\mono\metadata\icall.c:1842:
C:\build\output\Unity-Technologies\mono\mono\metadata\icall.c:1842:
C:\build\output\Unity-Technologies\mono\mono\metadata\icall.c:1842:
Symbol file LoadedFromMemory doesn't match image C:\Users\mishe\Saved Games\Tesouro das Condições\Library\PackageCache\com.unity.visualscripting@1.8.0\Editor\VisualScripting.Core\Dependencies\YamlDotNet\Unity.VisualScripting.YamlDotNet.dll
Symbol file LoadedFromMemory doesn't match image C:\Users\mishe\Saved Games\Tesouro das Condições\Library\PackageCache\com.unity.visualscripting@1.8.0\Editor\VisualScripting.Core\Dependencies\DotNetZip\Unity.VisualScripting.IonicZip.dll
- Loaded All Assemblies, in  1.850 seconds
Refreshing native plugins compatible for Editor in 11.21 ms, found 4 plugins.
Native extension for WindowsStandalone target not found
Native extension for WebGL target not found
Mono: successfully reloaded assembly
- Finished resetting the current domain, in  1.200 seconds
Domain Reload Profiling: 3046ms
	BeginReloadAssembly (558ms)
		ExecutionOrderSort (0ms)
		DisableScriptedObjects (9ms)
		BackupInstance (0ms)
		ReleaseScriptingObjects (0ms)
		CreateAndSetChildDomain (97ms)
	RebuildCommonClasses (60ms)
	RebuildNativeTypeToScriptingClass (14ms)
	initialDomainReloadingComplete (50ms)
	LoadAllAssembliesAndSetupDomain (1163ms)
		LoadAssemblies (745ms)
		RebuildTransferFunctionScriptingTraits (0ms)
		AnalyzeDomain (576ms)
			TypeCache.Refresh (528ms)
				TypeCache.ScanAssembly (502ms)
			ScanForSourceGeneratedMonoScriptInfo (38ms)
			ResolveRequiredComponents (9ms)
	FinalizeReload (1201ms)
		ReleaseScriptCaches (0ms)
		RebuildScriptCaches (0ms)
		SetupLoadedEditorAssemblies (838ms)
			LogAssemblyErrors (0ms)
			InitializePlatformSupportModulesInManaged (13ms)
			SetLoadedEditorAssemblies (6ms)
			BeforeProcessingInitializeOnLoad (160ms)
			ProcessInitializeOnLoadAttributes (581ms)
			ProcessInitializeOnLoadMethodAttributes (72ms)
			AfterProcessingInitializeOnLoad (5ms)
			EditorAssembliesLoaded (1ms)
		ExecutionOrderSort2 (0ms)
		AwakeInstancesAfterBackupRestoration (11ms)
Launched and connected shader compiler UnityShaderCompiler.exe after 0.10 seconds
Refreshing native plugins compatible for Editor in 47.27 ms, found 4 plugins.
Preloading 0 native plugins for Editor in 0.00 ms.
Unloading 4297 Unused Serialized files (Serialized files now loaded: 0)
Unloading 64 unused Assets / (56.8 KB). Loaded Objects now: 4838.
Memory consumption went from 159.0 MB to 158.9 MB.
Total: 71.198000 ms (FindLiveObjects: 1.213200 ms CreateObjectMapping: 4.302500 ms MarkObjects: 64.393600 ms  DeleteObjects: 1.284000 ms)

AssetImportParameters requested are different than current active one (requested -> active):
  custom:video-decoder-webm-vp8: 9c59270c3fd7afecdb556c50c9e8de78 -> 
  custom:SearchIndexIgnoredProperties: e643bd26f0fe6173181afceb89e7c659 -> 
  custom:audio-encoder-webm-vorbis: bf7c407c2cedff20999df2af8eb42d56 -> 
  custom:AudioImporter_EditorPlatform: d09bf68614088b80899f8185d706f6e7 -> 
  custom:audio-decoder-ogg-vorbis: bf7c407c2cedff20999df2af8eb42d56 -> 
  custom:video-encoder-webm-vp8: eb34c28f22e8b96e1ab97ce403110664 -> 
  custom:container-demuxer-ogg: 62fdf1f143b41e24485cea50d1cbac27 -> 
  custom:framework-win-MediaFoundation: 216162199b28c13a410421893ffa2e32 -> 
  custom:video-decoder-ogg-theora: a1e56fd34408186e4bbccfd4996cb3dc -> 
  custom:container-muxer-webm: aa71ff27fc2769a1b78a27578f13a17b -> 
  custom:video-codec-MediaFoundation-h265: 746d11721c4dcdbdad8f713fa42b33f4 -> 
  custom:CustomObjectIndexerAttribute: 756ad292c208cfabdd7b50bc23989ffe -> 
  custom:container-demuxer-webm: 4f35f7cbe854078d1ac9338744f61a02 -> 
========================================================================
Received Prepare
Begin MonoManager ReloadAssembly
C:\build\output\Unity-Technologies\mono\mono\metadata\icall.c:1842:
C:\build\output\Unity-Technologies\mono\mono\metadata\icall.c:1842:
C:\build\output\Unity-Technologies\mono\mono\metadata\icall.c:1842:
C:\build\output\Unity-Technologies\mono\mono\metadata\icall.c:1842:
C:\build\output\Unity-Technologies\mono\mono\metadata\icall.c:1842:
C:\build\output\Unity-Technologies\mono\mono\metadata\icall.c:1842:
C:\build\output\Unity-Technologies\mono\mono\metadata\icall.c:1842:
C:\build\output\Unity-Technologies\mono\mono\metadata\icall.c:1842:
C:\build\output\Unity-Technologies\mono\mono\metadata\icall.c:1842:
C:\build\output\Unity-Technologies\mono\mono\metadata\icall.c:1842:
C:\build\output\Unity-Technologies\mono\mono\metadata\icall.c:1842:
C:\build\output\Unity-Technologies\mono\mono\metadata\icall.c:1842:
Symbol file LoadedFromMemory doesn't match image C:\Users\mishe\Saved Games\Tesouro das Condições\Library\PackageCache\com.unity.visualscripting@1.8.0\Editor\VisualScripting.Core\Dependencies\YamlDotNet\Unity.VisualScripting.YamlDotNet.dll
Symbol file LoadedFromMemory doesn't match image C:\Users\mishe\Saved Games\Tesouro das Condições\Library\PackageCache\com.unity.visualscripting@1.8.0\Editor\VisualScripting.Core\Dependencies\DotNetZip\Unity.VisualScripting.IonicZip.dll
- Loaded All Assemblies, in  1.006 seconds
Refreshing native plugins compatible for Editor in 2.78 ms, found 4 plugins.
Native extension for WindowsStandalone target not found
Native extension for WebGL target not found
Mono: successfully reloaded assembly
- Finished resetting the current domain, in  2.258 seconds
Domain Reload Profiling: 3262ms
	BeginReloadAssembly (252ms)
		ExecutionOrderSort (0ms)
		DisableScriptedObjects (16ms)
		BackupInstance (0ms)
		ReleaseScriptingObjects (0ms)
		CreateAndSetChildDomain (71ms)
	RebuildCommonClasses (43ms)
	RebuildNativeTypeToScriptingClass (21ms)
	initialDomainReloadingComplete (31ms)
	LoadAllAssembliesAndSetupDomain (656ms)
		LoadAssemblies (427ms)
		RebuildTransferFunctionScriptingTraits (0ms)
		AnalyzeDomain (342ms)
			TypeCache.Refresh (322ms)
				TypeCache.ScanAssembly (302ms)
			ScanForSourceGeneratedMonoScriptInfo (0ms)
			ResolveRequiredComponents (19ms)
	FinalizeReload (2259ms)
		ReleaseScriptCaches (0ms)
		RebuildScriptCaches (0ms)
		SetupLoadedEditorAssemblies (544ms)
			LogAssemblyErrors (0ms)
			InitializePlatformSupportModulesInManaged (9ms)
			SetLoadedEditorAssemblies (4ms)
			BeforeProcessingInitializeOnLoad (117ms)
			ProcessInitializeOnLoadAttributes (362ms)
			ProcessInitializeOnLoadMethodAttributes (48ms)
			AfterProcessingInitializeOnLoad (6ms)
			EditorAssembliesLoaded (0ms)
		ExecutionOrderSort2 (0ms)
		AwakeInstancesAfterBackupRestoration (10ms)
Refreshing native plugins compatible for Editor in 6.18 ms, found 4 plugins.
Preloading 0 native plugins for Editor in 0.00 ms.
Unloading 4272 Unused Serialized files (Serialized files now loaded: 0)
Unloading 35 unused Assets / (34.6 KB). Loaded Objects now: 4841.
Memory consumption went from 151.8 MB to 151.7 MB.
Total: 7.143800 ms (FindLiveObjects: 0.712800 ms CreateObjectMapping: 0.512600 ms MarkObjects: 5.832600 ms  DeleteObjects: 0.083100 ms)

Prepare: number of updated asset objects reloaded= 0
AssetImportParameters requested are different than current active one (requested -> active):
  custom:video-decoder-webm-vp8: 9c59270c3fd7afecdb556c50c9e8de78 -> 
  custom:SearchIndexIgnoredProperties: e643bd26f0fe6173181afceb89e7c659 -> 
  custom:audio-encoder-webm-vorbis: bf7c407c2cedff20999df2af8eb42d56 -> 
  custom:AudioImporter_EditorPlatform: d09bf68614088b80899f8185d706f6e7 -> 
  custom:audio-decoder-ogg-vorbis: bf7c407c2cedff20999df2af8eb42d56 -> 
  custom:video-encoder-webm-vp8: eb34c28f22e8b96e1ab97ce403110664 -> 
  custom:container-demuxer-ogg: 62fdf1f143b41e24485cea50d1cbac27 -> 
  custom:framework-win-MediaFoundation: 216162199b28c13a410421893ffa2e32 -> 
  custom:video-decoder-ogg-theora: a1e56fd34408186e4bbccfd4996cb3dc -> 
  custom:container-muxer-webm: aa71ff27fc2769a1b78a27578f13a17b -> 
  custom:video-codec-MediaFoundation-h265: 746d11721c4dcdbdad8f713fa42b33f4 -> 
  custom:CustomObjectIndexerAttribute: 756ad292c208cfabdd7b50bc23989ffe -> 
  custom:container-demuxer-webm: 4f35f7cbe854078d1ac9338744f61a02 -> 
========================================================================
Received Import Request.
  Time since last request: 61472.000025 seconds.
  path: Assets/Imagens/Cenarios/Fases/Beach Tileset_16.asset
  artifactKey: Guid(54298571256351e48968e3d4b1a3b2ad) Importer(815301076,1909f56bfc062723c751e8b465ee728b)
Start importing Assets/Imagens/Cenarios/Fases/Beach Tileset_16.asset using Guid(54298571256351e48968e3d4b1a3b2ad) Importer(815301076,1909f56bfc062723c751e8b465ee728b)  -> (artifact id: '7b7792d0694425c29f609f53deea6cc4') in 0.111922 seconds
Number of updated asset objects reloaded before import = 0
Number of asset objects unloaded after import = 3
========================================================================
Received Import Request.
  Time since last request: 0.000044 seconds.
  path: Assets/Imagens/Cenarios/Fases/Beach Tileset_1 1.asset
  artifactKey: Guid(4d5e17e414c60e3449b5775c5476b9f2) Importer(815301076,1909f56bfc062723c751e8b465ee728b)
Start importing Assets/Imagens/Cenarios/Fases/Beach Tileset_1 1.asset using Guid(4d5e17e414c60e3449b5775c5476b9f2) Importer(815301076,1909f56bfc062723c751e8b465ee728b)  -> (artifact id: '5640420e5fe9a69b551e12364f101d23') in 0.011473 seconds
Number of updated asset objects reloaded before import = 0
Number of asset objects unloaded after import = 3
========================================================================
Received Import Request.
  Time since last request: 0.000059 seconds.
  path: Assets/Imagens/Cenarios/Fases/Beach Tileset_5.asset
  artifactKey: Guid(80ce2cf76d8a72b42b548a525fe27928) Importer(815301076,1909f56bfc062723c751e8b465ee728b)
Start importing Assets/Imagens/Cenarios/Fases/Beach Tileset_5.asset using Guid(80ce2cf76d8a72b42b548a525fe27928) Importer(815301076,1909f56bfc062723c751e8b465ee728b)  -> (artifact id: '26c53eb162498e881bd5955a0fd47be7') in 0.009486 seconds
Number of updated asset objects reloaded before import = 0
Number of asset objects unloaded after import = 3
========================================================================
Received Import Request.
  Time since last request: 0.000079 seconds.
  path: Assets/Imagens/Cenarios/Fases/Beach Tileset_0 1.asset
  artifactKey: Guid(0f84050411cab5c4387772f40605c5ab) Importer(815301076,1909f56bfc062723c751e8b465ee728b)
Start importing Assets/Imagens/Cenarios/Fases/Beach Tileset_0 1.asset using Guid(0f84050411cab5c4387772f40605c5ab) Importer(815301076,1909f56bfc062723c751e8b465ee728b)  -> (artifact id: '78709091bd25f524db4166316ebd31f1') in 0.019325 seconds
Number of updated asset objects reloaded before import = 0
Number of asset objects unloaded after import = 3
========================================================================
Received Import Request.
  Time since last request: 0.000035 seconds.
  path: Assets/Imagens/Cenarios/Fases/Beach Tileset_12 1.asset
  artifactKey: Guid(9c160a54979cb654b9154d5538313e9f) Importer(815301076,1909f56bfc062723c751e8b465ee728b)
Start importing Assets/Imagens/Cenarios/Fases/Beach Tileset_12 1.asset using Guid(9c160a54979cb654b9154d5538313e9f) Importer(815301076,1909f56bfc062723c751e8b465ee728b)  -> (artifact id: '29006649ce8f0bcd7649ed3c3c8afb6b') in 0.010975 seconds
Number of updated asset objects reloaded before import = 0
Number of asset objects unloaded after import = 3
========================================================================
Received Import Request.
  Time since last request: 0.000098 seconds.
  path: Assets/Imagens/Cenarios/Fases/Beach Tileset_6.asset
  artifactKey: Guid(d285b7ea06b960242827e26076c1d775) Importer(815301076,1909f56bfc062723c751e8b465ee728b)
Start importing Assets/Imagens/Cenarios/Fases/Beach Tileset_6.asset using Guid(d285b7ea06b960242827e26076c1d775) Importer(815301076,1909f56bfc062723c751e8b465ee728b)  -> (artifact id: '2183f6396db1d09d2c3f5b3b1fe88181') in 0.010585 seconds
Number of updated asset objects reloaded before import = 0
Number of asset objects unloaded after import = 3
========================================================================
Received Import Request.
  Time since last request: 0.000030 seconds.
  path: Assets/Imagens/Cenarios/Fases/Beach Tileset_8.asset
  artifactKey: Guid(0e3bd9e3730d4c9459066cf55568c10f) Importer(815301076,1909f56bfc062723c751e8b465ee728b)
Start importing Assets/Imagens/Cenarios/Fases/Beach Tileset_8.asset using Guid(0e3bd9e3730d4c9459066cf55568c10f) Importer(815301076,1909f56bfc062723c751e8b465ee728b)  -> (artifact id: '9c349a14e60e63fdba907750d466a81e') in 0.009946 seconds
Number of updated asset objects reloaded before import = 0
Number of asset objects unloaded after import = 3
========================================================================
Received Import Request.
  Time since last request: 0.000034 seconds.
  path: Assets/Imagens/Cenarios/Fases/Beach Tileset_19 1.asset
  artifactKey: Guid(b124a82ec02f31c4fb40d356671fc2fd) Importer(815301076,1909f56bfc062723c751e8b465ee728b)
Start importing Assets/Imagens/Cenarios/Fases/Beach Tileset_19 1.asset using Guid(b124a82ec02f31c4fb40d356671fc2fd) Importer(815301076,1909f56bfc062723c751e8b465ee728b)  -> (artifact id: 'ca179178442a0f3e7989ae134afd0b2d') in 0.020089 seconds
Number of updated asset objects reloaded before import = 0
Number of asset objects unloaded after import = 3
========================================================================
Received Import Request.
  Time since last request: 0.000047 seconds.
  path: Assets/Imagens/Cenarios/Fases/Beach Tileset_11.asset
  artifactKey: Guid(6c5fda4c89612a149abb4a12a06578dc) Importer(815301076,1909f56bfc062723c751e8b465ee728b)
Start importing Assets/Imagens/Cenarios/Fases/Beach Tileset_11.asset using Guid(6c5fda4c89612a149abb4a12a06578dc) Importer(815301076,1909f56bfc062723c751e8b465ee728b)  -> (artifact id: '7a8093cca31649001adf643d20269128') in 0.009904 seconds
Number of updated asset objects reloaded before import = 0
Number of asset objects unloaded after import = 3
========================================================================
Received Import Request.
  Time since last request: 0.000048 seconds.
  path: Assets/Imagens/Cenarios/Fases/Beach Tileset_12.asset
  artifactKey: Guid(08ff652d0c8c88440952501958700d51) Importer(815301076,1909f56bfc062723c751e8b465ee728b)
Start importing Assets/Imagens/Cenarios/Fases/Beach Tileset_12.asset using Guid(08ff652d0c8c88440952501958700d51) Importer(815301076,1909f56bfc062723c751e8b465ee728b)  -> (artifact id: 'e85c6a6bf82267480485a85e415022ae') in 0.011350 seconds
Number of updated asset objects reloaded before import = 0
Number of asset objects unloaded after import = 3
========================================================================
Received Import Request.
  Time since last request: 0.000032 seconds.
  path: Assets/Imagens/Cenarios/Fases/Beach Tileset_13.asset
  artifactKey: Guid(6c0f5619a508bca40bf127ea2636e998) Importer(815301076,1909f56bfc062723c751e8b465ee728b)
Start importing Assets/Imagens/Cenarios/Fases/Beach Tileset_13.asset using Guid(6c0f5619a508bca40bf127ea2636e998) Importer(815301076,1909f56bfc062723c751e8b465ee728b)  -> (artifact id: '7f868affc949a03b81c63a313698891c') in 0.011946 seconds
Number of updated asset objects reloaded before import = 0
Number of asset objects unloaded after import = 3
========================================================================
Received Import Request.
  Time since last request: 0.000027 seconds.
  path: Assets/Imagens/Cenarios/Fases/Beach Tileset_17 1.asset
  artifactKey: Guid(a6b56adfc7701cf4ca2a3b2fbc7e4a37) Importer(815301076,1909f56bfc062723c751e8b465ee728b)
Start importing Assets/Imagens/Cenarios/Fases/Beach Tileset_17 1.asset using Guid(a6b56adfc7701cf4ca2a3b2fbc7e4a37) Importer(815301076,1909f56bfc062723c751e8b465ee728b)  -> (artifact id: '8e8c9ebb0ca4528d550b2ab4ea6f8da6') in 0.006646 seconds
Number of updated asset objects reloaded before import = 0
Number of asset objects unloaded after import = 3
========================================================================
Received Import Request.
  Time since last request: 0.000029 seconds.
  path: Assets/Imagens/Cenarios/Fases/Beach Tileset_18 1.asset
  artifactKey: Guid(f89bc3a9fa6e9b7459b198881008620c) Importer(815301076,1909f56bfc062723c751e8b465ee728b)
Start importing Assets/Imagens/Cenarios/Fases/Beach Tileset_18 1.asset using Guid(f89bc3a9fa6e9b7459b198881008620c) Importer(815301076,1909f56bfc062723c751e8b465ee728b)  -> (artifact id: '4395981945111cb50da9f275cf35d88b') in 0.007599 seconds
Number of updated asset objects reloaded before import = 0
Number of asset objects unloaded after import = 3
========================================================================
Received Import Request.
  Time since last request: 0.000037 seconds.
  path: Assets/Imagens/Cenarios/Fases/Beach Tileset_4 1.asset
  artifactKey: Guid(4b06e6f284c0b7d478200448736ab5c1) Importer(815301076,1909f56bfc062723c751e8b465ee728b)
Start importing Assets/Imagens/Cenarios/Fases/Beach Tileset_4 1.asset using Guid(4b06e6f284c0b7d478200448736ab5c1) Importer(815301076,1909f56bfc062723c751e8b465ee728b)  -> (artifact id: 'a93bea7fa720326dd4af7df6bae0aec0') in 0.006881 seconds
Number of updated asset objects reloaded before import = 0
Number of asset objects unloaded after import = 3
========================================================================
Received Import Request.
  Time since last request: 0.000021 seconds.
  path: Assets/Imagens/Cenarios/Fases/Beach Tileset_11 1.asset
  artifactKey: Guid(24b862946afb3dc4d8ba5a8146002b70) Importer(815301076,1909f56bfc062723c751e8b465ee728b)
Start importing Assets/Imagens/Cenarios/Fases/Beach Tileset_11 1.asset using Guid(24b862946afb3dc4d8ba5a8146002b70) Importer(815301076,1909f56bfc062723c751e8b465ee728b)  -> (artifact id: '81a1d88f16a2dc85287ff6d66a9f8bc3') in 0.006703 seconds
Number of updated asset objects reloaded before import = 0
Number of asset objects unloaded after import = 3
========================================================================
Received Import Request.
  Time since last request: 0.000034 seconds.
  path: Assets/Imagens/Cenarios/Fases/Beach Tileset_3 1.asset
  artifactKey: Guid(0a59fdca4b6928e42bbfe95d480a017f) Importer(815301076,1909f56bfc062723c751e8b465ee728b)
Start importing Assets/Imagens/Cenarios/Fases/Beach Tileset_3 1.asset using Guid(0a59fdca4b6928e42bbfe95d480a017f) Importer(815301076,1909f56bfc062723c751e8b465ee728b)  -> (artifact id: '3fa6292d116fb29aba0d25bd3c94b125') in 0.009901 seconds
Number of updated asset objects reloaded before import = 0
Number of asset objects unloaded after import = 3
========================================================================
Received Import Request.
  Time since last request: 0.000024 seconds.
  path: Assets/Imagens/Cenarios/Fases/Beach Tileset_1.asset
  artifactKey: Guid(9f79346099be9e0439e7765a39051488) Importer(815301076,1909f56bfc062723c751e8b465ee728b)
Start importing Assets/Imagens/Cenarios/Fases/Beach Tileset_1.asset using Guid(9f79346099be9e0439e7765a39051488) Importer(815301076,1909f56bfc062723c751e8b465ee728b)  -> (artifact id: 'a7ffa59c628c5840a98609f20f6d2eb5') in 0.007778 seconds
Number of updated asset objects reloaded before import = 0
Number of asset objects unloaded after import = 3
========================================================================
Received Import Request.
  Time since last request: 0.000051 seconds.
  path: Assets/Imagens/Cenarios/Fases/Beach Tileset_2.asset
  artifactKey: Guid(64e2ac84e530fa741af25a74c9c7ab50) Importer(815301076,1909f56bfc062723c751e8b465ee728b)
Start importing Assets/Imagens/Cenarios/Fases/Beach Tileset_2.asset using Guid(64e2ac84e530fa741af25a74c9c7ab50) Importer(815301076,1909f56bfc062723c751e8b465ee728b)  -> (artifact id: '27e0d2313d1d962fb829bd23d9c945a8') in 0.009347 seconds
Number of updated asset objects reloaded before import = 0
Number of asset objects unloaded after import = 3
========================================================================
Received Import Request.
  Time since last request: 0.000045 seconds.
  path: Assets/Imagens/Cenarios/Fases/Beach Tileset_9 1.asset
  artifactKey: Guid(57dd7d9e77452d142a891e8ea51fd662) Importer(815301076,1909f56bfc062723c751e8b465ee728b)
Start importing Assets/Imagens/Cenarios/Fases/Beach Tileset_9 1.asset using Guid(57dd7d9e77452d142a891e8ea51fd662) Importer(815301076,1909f56bfc062723c751e8b465ee728b)  -> (artifact id: 'd71b4daf1d2ba3d5b210ee71e7cae646') in 0.008372 seconds
Number of updated asset objects reloaded before import = 0
Number of asset objects unloaded after import = 3
========================================================================
Received Import Request.
  Time since last request: 0.000072 seconds.
  path: Assets/Imagens/Cenarios/Fases/Beach Tileset_14.asset
  artifactKey: Guid(9d38c0b34d902c14593ff04a376abc93) Importer(815301076,1909f56bfc062723c751e8b465ee728b)
Start importing Assets/Imagens/Cenarios/Fases/Beach Tileset_14.asset using Guid(9d38c0b34d902c14593ff04a376abc93) Importer(815301076,1909f56bfc062723c751e8b465ee728b)  -> (artifact id: '96db6699ae4eaf998df76118eca323b3') in 0.010472 seconds
Number of updated asset objects reloaded before import = 0
Number of asset objects unloaded after import = 3
========================================================================
Received Import Request.
  Time since last request: 0.000028 seconds.
  path: Assets/Imagens/Cenarios/Fases/Beach Tileset_5 1.asset
  artifactKey: Guid(f17c9e44c57c592438c54afdf8620676) Importer(815301076,1909f56bfc062723c751e8b465ee728b)
Start importing Assets/Imagens/Cenarios/Fases/Beach Tileset_5 1.asset using Guid(f17c9e44c57c592438c54afdf8620676) Importer(815301076,1909f56bfc062723c751e8b465ee728b)  -> (artifact id: 'f2e66757b6d98dc9d45be5c9c4baec46') in 0.010925 seconds
Number of updated asset objects reloaded before import = 0
Number of asset objects unloaded after import = 3
Editor requested this worker to shutdown with reason: Scaling down because of idle timeout
AssetImportWorker is now disconnected from the server
Process exiting
Exiting without the bug reporter. Application will terminate with return code 0